<?xml version="1.0" encoding="UTF-8"?>
<testsuite xmlns:xsi="http://www.w3.org/2001/XMLSchema-instance" xsi:noNamespaceSchemaLocation="https://maven.apache.org/surefire/maven-surefire-plugin/xsd/surefire-test-report.xsd" name="pl.polsl.java.cipher.tests.FourSquareCipherModelTest" time="0.073" tests="13" errors="0" skipped="0" failures="0">
  <properties>
[...]
</properties>
  <testcase name="plotTest" classname="pl.polsl.java.cipher.tests.FourSquareCipherModelTest" time="0.013"/>
  <testcase name="invalidKey{String}[1]" classname="pl.polsl.java.cipher.tests.FourSquareCipherModelTest" time="0.015"/>
  <testcase name="invalidKey{String}[2]" classname="pl.polsl.java.cipher.tests.FourSquareCipherModelTest" time="0.001"/>
  <testcase name="encryptionSmallLetter" classname="pl.polsl.java.cipher.tests.FourSquareCipherModelTest" time="0.003"/>
  <testcase name="encryptionByOneWord" classname="pl.polsl.java.cipher.tests.FourSquareCipherModelTest" time="0.004"/>
  <testcase name="decryptionByOneWord" classname="pl.polsl.java.cipher.tests.FourSquareCipherModelTest" time="0.001"/>
  <testcase name="invalidInputData{String}[1]" classname="pl.polsl.java.cipher.tests.FourSquareCipherModelTest" time="0.001"/>
  <testcase name="invalidInputData{String}[2]" classname="pl.polsl.java.cipher.tests.FourSquareCipherModelTest" time="0.001"/>
  <testcase name="decryptionSmallLetter" classname="pl.polsl.java.cipher.tests.FourSquareCipherModelTest" time="0"/>
  <testcase name="decryptionCapitalLetter" classname="pl.polsl.java.cipher.tests.FourSquareCipherModelTest" time="0.001"/>
  <testcase name="encryptionByMultiWords" classname="pl.polsl.java.cipher.tests.FourSquareCipherModelTest" time="0.001"/>
  <testcase name="encryptionCapitalLetter" classname="pl.polsl.java.cipher.tests.FourSquareCipherModelTest" time="0"/>
  <testcase name="decryptionByMultiWords" classname="pl.polsl.java.cipher.tests.FourSquareCipherModelTest" time="0.001"/>
</testsuite>